/*C1*/SET SCHEMA SYSTEM_LOBS
INSERT INTO BLOCKS VALUES(0,2147483647,0)
COMMIT
/*C2*/SET SCHEMA PUBLIC
create table products (id integer not null, created_at TIMESTAMP DEFAULT CURRENT_TIMESTAMP not null, updated_at TIMESTAMP DEFAULT CURRENT_TIMESTAMP not null, code varchar(255), name varchar(255), price numeric(19,2) not null, validity_date timestamp not null, primary key (id))
alter table products add constraint UK_57ivhy5aj3qfmdvl6vxdfjs4p unique (code)
alter table products add constraint UK_o61fmio5yukmmiqgnxf8pnavn unique (name)
create sequence hibernate_sequence start with 1 increment by 1
INSERT INTO PRODUCTS VALUES(1,'2020-09-21 13:28:25.501000','2020-09-21 13:28:25.501000','000001','DOLIPRANE',1000.00,'2010-09-07 00:00:00.000000')
COMMIT
INSERT INTO PRODUCTS VALUES(2,'2020-09-21 13:28:25.501000','2020-09-21 13:28:25.501000','000002','EFFERALGAN',2000.00,'2010-09-07 00:00:00.000000')
COMMIT
INSERT INTO PRODUCTS VALUES(3,'2020-09-21 13:28:25.501000','2020-09-21 13:28:25.501000','000003','DAFALGAN',1500.00,'2010-09-07 00:00:00.000000')
COMMIT
INSERT INTO PRODUCTS VALUES(4,'2020-09-21 13:28:25.502000','2020-09-21 13:28:25.502000','000004','LEVOTHYROX',122.00,'2010-09-07 00:00:00.000000')
COMMIT
INSERT INTO PRODUCTS VALUES(5,'2020-09-21 13:28:25.502000','2020-09-21 13:28:25.502000','000005','IMODIUM',22.00,'2010-09-07 00:00:00.000000')
COMMIT
INSERT INTO PRODUCTS VALUES(6,'2020-09-21 13:28:25.502000','2020-09-21 13:28:25.502000','000006','IMODIUM2',33.00,'2010-09-07 00:00:00.000000')
COMMIT
INSERT INTO PRODUCTS VALUES(7,'2020-09-21 13:28:25.502000','2020-09-21 13:28:25.502000','000007','SPASFON',44.00,'2010-09-07 00:00:00.000000')
COMMIT
INSERT INTO PRODUCTS VALUES(8,'2020-09-21 13:28:25.502000','2020-09-21 13:28:25.502000','000008','ISIMIG',66.00,'2010-09-07 00:00:00.000000')
COMMIT
INSERT INTO PRODUCTS VALUES(9,'2020-09-21 13:28:25.503000','2020-09-21 13:28:25.503000','000009','TAHOR',45.00,'2010-09-07 00:00:00.000000')
COMMIT
INSERT INTO PRODUCTS VALUES(10,'2020-09-21 13:28:25.503000','2020-09-21 13:28:25.503000','000010','SPEDIFEN',66.00,'2010-09-07 00:00:00.000000')
COMMIT
INSERT INTO PRODUCTS VALUES(11,'2020-09-21 13:28:25.503000','2020-09-21 13:28:25.503000','000011','ELUDRIL',44.00,'2010-09-07 00:00:00.000000')
COMMIT
INSERT INTO PRODUCTS VALUES(12,'2020-09-21 13:28:25.503000','2020-09-21 13:28:25.503000','000012','ELUDRIL2',444.00,'2010-09-07 00:00:00.000000')
COMMIT
ALTER SEQUENCE PUBLIC.HIBERNATE_SEQUENCE RESTART WITH 2
