/*C1*/SET SCHEMA SYSTEM_LOBS
INSERT INTO BLOCKS VALUES(0,2147483647,0)
COMMIT
/*C2*/SET SCHEMA PUBLIC
create table products (id integer not null, created_at TIMESTAMP DEFAULT CURRENT_TIMESTAMP not null, updated_at TIMESTAMP DEFAULT CURRENT_TIMESTAMP not null, code varchar(255), name varchar(255), price numeric(19,2) not null, validity_date timestamp not null, primary key (id))
alter table products add constraint UK_57ivhy5aj3qfmdvl6vxdfjs4p unique (code)
alter table products add constraint UK_o61fmio5yukmmiqgnxf8pnavn unique (name)
create sequence hibernate_sequence start with 1 increment by 1
INSERT INTO PRODUCTS VALUES(1,'2020-09-21 13:30:22.428000','2020-09-21 13:30:22.428000','000001','DOLIPRANE',12.99,'2020-09-24 04:00:00.000000')
ALTER SEQUENCE PUBLIC.HIBERNATE_SEQUENCE RESTART WITH 2
COMMIT
INSERT INTO PRODUCTS VALUES(2,'2020-09-21 13:30:43.742000','2020-09-21 13:30:43.742000','000002','EFFERALGAN',11.15,'2020-09-30 04:00:00.000000')
ALTER SEQUENCE PUBLIC.HIBERNATE_SEQUENCE RESTART WITH 3
COMMIT
INSERT INTO PRODUCTS VALUES(3,'2020-09-21 13:30:59.748000','2020-09-21 13:30:59.748000','000003','DAFALGAN',9.99,'2020-09-24 04:00:00.000000')
ALTER SEQUENCE PUBLIC.HIBERNATE_SEQUENCE RESTART WITH 4
COMMIT
INSERT INTO PRODUCTS VALUES(4,'2020-09-21 13:31:25.129000','2020-09-21 13:31:25.129000','000004','LEVOTHYROX',11.99,'2020-09-25 04:00:00.000000')
ALTER SEQUENCE PUBLIC.HIBERNATE_SEQUENCE RESTART WITH 5
COMMIT
INSERT INTO PRODUCTS VALUES(5,'2020-09-21 13:31:46.345000','2020-09-21 13:31:46.345000','000005','IMODIUM',13.00,'2020-09-29 04:00:00.000000')
ALTER SEQUENCE PUBLIC.HIBERNATE_SEQUENCE RESTART WITH 6
COMMIT
INSERT INTO PRODUCTS VALUES(6,'2020-09-21 13:32:03.431000','2020-09-21 13:32:03.431000','000006','IMODIUM2',3.25,'2020-09-22 04:00:00.000000')
ALTER SEQUENCE PUBLIC.HIBERNATE_SEQUENCE RESTART WITH 7
COMMIT
INSERT INTO PRODUCTS VALUES(7,'2020-09-21 13:32:21.971000','2020-09-21 13:32:21.971000','000007','SPASFON',5.00,'2020-09-25 04:00:00.000000')
ALTER SEQUENCE PUBLIC.HIBERNATE_SEQUENCE RESTART WITH 8
COMMIT
INSERT INTO PRODUCTS VALUES(8,'2020-09-21 13:32:39.634000','2020-09-21 13:32:39.634000','000008','ISIMIG',65.00,'2020-09-24 04:00:00.000000')
ALTER SEQUENCE PUBLIC.HIBERNATE_SEQUENCE RESTART WITH 9
COMMIT
INSERT INTO PRODUCTS VALUES(9,'2020-09-21 13:33:03.955000','2020-09-21 13:33:03.955000','000009','TAHOR',3.99,'2020-09-23 04:00:00.000000')
ALTER SEQUENCE PUBLIC.HIBERNATE_SEQUENCE RESTART WITH 10
COMMIT
INSERT INTO PRODUCTS VALUES(10,'2020-09-21 13:33:19.463000','2020-09-21 13:33:19.463000','000010','SPEDIFEN',6.99,'2020-09-25 04:00:00.000000')
ALTER SEQUENCE PUBLIC.HIBERNATE_SEQUENCE RESTART WITH 11
COMMIT
INSERT INTO PRODUCTS VALUES(11,'2020-09-21 13:33:41.278000','2020-09-21 13:33:41.278000','000011','ELUDRIL',2.00,'2020-09-25 04:00:00.000000')
ALTER SEQUENCE PUBLIC.HIBERNATE_SEQUENCE RESTART WITH 12
COMMIT
INSERT INTO PRODUCTS VALUES(12,'2020-09-21 13:34:07.251000','2020-09-21 13:34:07.251000','000012','ELUDRIL2',11.00,'2036-01-09 04:00:00.000000')
ALTER SEQUENCE PUBLIC.HIBERNATE_SEQUENCE RESTART WITH 13
COMMIT
