/*C492*/SET SCHEMA PUBLIC
create table depots (id integer not null, created_at TIMESTAMP DEFAULT CURRENT_TIMESTAMP not null, updated_at TIMESTAMP DEFAULT CURRENT_TIMESTAMP not null, adresse varchar(255), code varchar(255), name varchar(255), primary key (id))
create table stocks (id integer not null, created_at TIMESTAMP DEFAULT CURRENT_TIMESTAMP not null, updated_at TIMESTAMP DEFAULT CURRENT_TIMESTAMP not null, max integer, mini integer, quantite double not null, quantite_reservee double, reppro integer, depot_id integer, machine_id integer, primary key (id))
alter table depots add constraint UK_6m24mia1m0uvfbu8xstdvto69 unique (code)
alter table stocks add constraint FKi1eg2m5ad6t7jy6ksqr7p9i2g foreign key (depot_id) references depots
alter table stocks add constraint FK1ipwyo5njoocw4g9ln065e2gw foreign key (machine_id) references machines
/*C498*/SET SCHEMA PUBLIC
DISCONNECT
/*C496*/SET SCHEMA PUBLIC
DISCONNECT
/*C494*/SET SCHEMA PUBLIC
DISCONNECT
/*C493*/SET SCHEMA PUBLIC
DISCONNECT
/*C495*/SET SCHEMA PUBLIC
DISCONNECT
/*C501*/SET SCHEMA PUBLIC
DISCONNECT
/*C499*/SET SCHEMA PUBLIC
DISCONNECT
/*C492*/DISCONNECT
/*C500*/SET SCHEMA PUBLIC
DISCONNECT
/*C497*/SET SCHEMA PUBLIC
DISCONNECT
/*C503*/SET SCHEMA PUBLIC
DISCONNECT
/*C506*/SET SCHEMA PUBLIC
DISCONNECT
/*C505*/SET SCHEMA PUBLIC
DISCONNECT
/*C509*/SET SCHEMA PUBLIC
DISCONNECT
/*C504*/SET SCHEMA PUBLIC
DISCONNECT
/*C502*/SET SCHEMA PUBLIC
DISCONNECT
/*C508*/SET SCHEMA PUBLIC
DISCONNECT
/*C507*/SET SCHEMA PUBLIC
DISCONNECT
/*C510*/SET SCHEMA PUBLIC
DISCONNECT
/*C511*/SET SCHEMA PUBLIC
DISCONNECT
/*C513*/SET SCHEMA PUBLIC
DISCONNECT
/*C516*/SET SCHEMA PUBLIC
DISCONNECT
/*C519*/SET SCHEMA PUBLIC
DISCONNECT
/*C517*/SET SCHEMA PUBLIC
DISCONNECT
/*C512*/SET SCHEMA PUBLIC
DISCONNECT
/*C515*/SET SCHEMA PUBLIC
DISCONNECT
/*C514*/SET SCHEMA PUBLIC
DISCONNECT
/*C520*/SET SCHEMA PUBLIC
DISCONNECT
/*C518*/SET SCHEMA PUBLIC
DISCONNECT
/*C521*/SET SCHEMA PUBLIC
DISCONNECT
/*C522*/SET SCHEMA PUBLIC
DISCONNECT
/*C524*/SET SCHEMA PUBLIC
DISCONNECT
/*C526*/SET SCHEMA PUBLIC
DISCONNECT
/*C523*/SET SCHEMA PUBLIC
DISCONNECT
/*C527*/SET SCHEMA PUBLIC
DISCONNECT
/*C525*/SET SCHEMA PUBLIC
DISCONNECT
/*C531*/SET SCHEMA PUBLIC
DISCONNECT
/*C528*/SET SCHEMA PUBLIC
DISCONNECT
/*C530*/SET SCHEMA PUBLIC
DISCONNECT
/*C529*/SET SCHEMA PUBLIC
DISCONNECT
/*C532*/SET SCHEMA PUBLIC
DISCONNECT
/*C533*/SET SCHEMA PUBLIC
DISCONNECT
/*C535*/SET SCHEMA PUBLIC
DISCONNECT
/*C537*/SET SCHEMA PUBLIC
DISCONNECT
/*C536*/SET SCHEMA PUBLIC
DISCONNECT
/*C534*/SET SCHEMA PUBLIC
DISCONNECT
/*C541*/SET SCHEMA PUBLIC
DISCONNECT
/*C539*/SET SCHEMA PUBLIC
DISCONNECT
/*C540*/SET SCHEMA PUBLIC
DISCONNECT
/*C538*/SET SCHEMA PUBLIC
DISCONNECT
/*C542*/SET SCHEMA PUBLIC
DISCONNECT
/*C545*/SET SCHEMA PUBLIC
DISCONNECT
/*C546*/SET SCHEMA PUBLIC
DISCONNECT
/*C543*/SET SCHEMA PUBLIC
DISCONNECT
/*C544*/SET SCHEMA PUBLIC
DISCONNECT
/*C547*/SET SCHEMA PUBLIC
DISCONNECT
/*C548*/SET SCHEMA PUBLIC
DISCONNECT
/*C549*/SET SCHEMA PUBLIC
DISCONNECT
/*C550*/SET SCHEMA PUBLIC
DISCONNECT
/*C551*/SET SCHEMA PUBLIC
DISCONNECT
/*C552*/SET SCHEMA PUBLIC
DISCONNECT
/*C558*/SET SCHEMA PUBLIC
DISCONNECT
/*C554*/SET SCHEMA PUBLIC
DISCONNECT
/*C555*/SET SCHEMA PUBLIC
DISCONNECT
/*C553*/SET SCHEMA PUBLIC
DISCONNECT
/*C556*/SET SCHEMA PUBLIC
DISCONNECT
/*C557*/SET SCHEMA PUBLIC
DISCONNECT
/*C559*/SET SCHEMA PUBLIC
DISCONNECT
/*C560*/SET SCHEMA PUBLIC
DISCONNECT
/*C561*/SET SCHEMA PUBLIC
DISCONNECT
/*C562*/SET SCHEMA PUBLIC
DISCONNECT
/*C565*/SET SCHEMA PUBLIC
DISCONNECT
/*C564*/SET SCHEMA PUBLIC
DISCONNECT
/*C567*/SET SCHEMA PUBLIC
DISCONNECT
/*C568*/SET SCHEMA PUBLIC
DISCONNECT
/*C563*/SET SCHEMA PUBLIC
DISCONNECT
/*C566*/SET SCHEMA PUBLIC
DISCONNECT
/*C569*/SET SCHEMA PUBLIC
DISCONNECT
/*C570*/SET SCHEMA PUBLIC
DISCONNECT
/*C571*/SET SCHEMA PUBLIC
DISCONNECT
